  GameObject.cpp
C:\Users\Alumnos\Desktop\raylib-quickstart\src\GameObject.cpp(17,55): warning C4244: 'argumento': conversión de 'float' a 'int'; posible pérdida de datos
C:\Users\Alumnos\Desktop\raylib-quickstart\src\GameObject.cpp(17,40): warning C4244: 'argumento': conversión de 'float' a 'int'; posible pérdida de datos
  main.cpp
C:\Users\Alumnos\Desktop\raylib-quickstart\include\PanelMensaje.h(52,53): warning C4244: 'argumento': conversión de 'float' a 'int'; posible pérdida de datos
  (compilando archivo de origen "../../src/main.cpp")
  
C:\Users\Alumnos\Desktop\raylib-quickstart\include\PanelMensaje.h(52,45): warning C4244: 'argumento': conversión de 'float' a 'int'; posible pérdida de datos
  (compilando archivo de origen "../../src/main.cpp")
  
C:\Users\Alumnos\Desktop\raylib-quickstart\include\PanelMensaje.h(52,37): warning C4244: 'argumento': conversión de 'float' a 'int'; posible pérdida de datos
  (compilando archivo de origen "../../src/main.cpp")
  
C:\Users\Alumnos\Desktop\raylib-quickstart\include\PanelMensaje.h(52,25): warning C4244: 'argumento': conversión de 'float' a 'int'; posible pérdida de datos
  (compilando archivo de origen "../../src/main.cpp")
  
C:\Users\Alumnos\Desktop\raylib-quickstart\include\PanelMensaje.h(53,58): warning C4244: 'argumento': conversión de 'float' a 'int'; posible pérdida de datos
  (compilando archivo de origen "../../src/main.cpp")
  
C:\Users\Alumnos\Desktop\raylib-quickstart\include\PanelMensaje.h(53,50): warning C4244: 'argumento': conversión de 'float' a 'int'; posible pérdida de datos
  (compilando archivo de origen "../../src/main.cpp")
  
C:\Users\Alumnos\Desktop\raylib-quickstart\include\PanelMensaje.h(53,42): warning C4244: 'argumento': conversión de 'float' a 'int'; posible pérdida de datos
  (compilando archivo de origen "../../src/main.cpp")
  
C:\Users\Alumnos\Desktop\raylib-quickstart\include\PanelMensaje.h(53,30): warning C4244: 'argumento': conversión de 'float' a 'int'; posible pérdida de datos
  (compilando archivo de origen "../../src/main.cpp")
  
C:\Users\Alumnos\Desktop\raylib-quickstart\include\PanelMensaje.h(54,55): warning C4244: 'argumento': conversión de 'float' a 'int'; posible pérdida de datos
  (compilando archivo de origen "../../src/main.cpp")
  
C:\Users\Alumnos\Desktop\raylib-quickstart\include\PanelMensaje.h(54,39): warning C4244: 'argumento': conversión de 'float' a 'int'; posible pérdida de datos
  (compilando archivo de origen "../../src/main.cpp")
  
C:\Users\Alumnos\Desktop\raylib-quickstart\src\main.cpp(55,8): warning C4101: 'buffer': variable local sin referencia
C:\Users\Alumnos\Desktop\raylib-quickstart\src\main.cpp(132,61): warning C4244: 'argumento': conversión de 'int' a 'float'; posible pérdida de datos
  PlayerCharacter.cpp
C:\Users\Alumnos\Desktop\raylib-quickstart\src\PlayerCharacter.cpp(12,43): warning C4244: 'argumento': conversión de 'float' a 'int'; posible pérdida de datos
C:\Users\Alumnos\Desktop\raylib-quickstart\src\PlayerCharacter.cpp(12,31): warning C4244: 'argumento': conversión de 'float' a 'int'; posible pérdida de datos
C:\Users\Alumnos\Desktop\raylib-quickstart\src\PlayerCharacter.cpp(13,43): warning C4244: 'argumento': conversión de 'float' a 'int'; posible pérdida de datos
C:\Users\Alumnos\Desktop\raylib-quickstart\src\PlayerCharacter.cpp(13,29): warning C4244: 'argumento': conversión de 'float' a 'int'; posible pérdida de datos
  Generando código...
C:\Users\Alumnos\Desktop\raylib-quickstart\src\main.cpp(72,1): warning C4715: 'LoadBGM': no todas las rutas de acceso de control devuelven un valor
  raylib-quickstart.vcxproj -> C:\Users\Alumnos\Desktop\raylib-quickstart\bin\Debug\raylib-quickstart.exe
  "pwsh.exe" no se reconoce como un comando interno o externo,
  programa o archivo por lotes ejecutable.
